<?xml version="1.0" encoding="UTF-8"?>
<!-- Generated by org.testng.reporters.JUnitXMLReporter -->
<testsuite hostname="LAPTOP-FUF6UEBH" ignored="0" name="Command line test" tests="4" failures="0" timestamp="31 Mar 2019 20:11:47 GMT" time="17.515" errors="0">
  <testcase name="helloWorld" time="0.007" classname="pckgSample.Sample1Test"/>
  <testcase name="launchURL" time="8.113" classname="pckgSample.Sample1Test"/>
  <testcase name="helloWorld" time="0.0" classname="pckgSample.SampleTest"/>
  <testcase name="launchURL" time="9.376" classname="pckgSample.SampleTest"/>
</testsuite> <!-- Command line test -->
