<?xml version="1.0" encoding="UTF-8"?>
<testng-results skipped="0" failed="0" ignored="0" total="2" passed="2">
  <reporter-output>
  </reporter-output>
  <suite name="Default suite" duration-ms="10522" started-at="2019-03-30T13:49:13Z" finished-at="2019-03-30T13:49:24Z">
    <groups>
    </groups>
    <test name="Default test" duration-ms="10522" started-at="2019-03-30T13:49:13Z" finished-at="2019-03-30T13:49:24Z">
      <class name="pckgSample.Sample">
        <test-method status="PASS" signature="helloWorld()[pri:0, instance:pckgSample.Sample@51efea79]" name="helloWorld" duration-ms="16" started-at="2019-03-30T19:19:13Z" finished-at="2019-03-30T19:19:13Z">
          <reporter-output>
          </reporter-output>
        </test-method> <!-- helloWorld -->
        <test-method status="PASS" signature="launchURL()[pri:0, instance:pckgSample.Sample@51efea79]" name="launchURL" duration-ms="10498" started-at="2019-03-30T19:19:13Z" finished-at="2019-03-30T19:19:24Z">
          <reporter-output>
          </reporter-output>
        </test-method> <!-- launchURL -->
      </class> <!-- pckgSample.Sample -->
    </test> <!-- Default test -->
  </suite> <!-- Default suite -->
</testng-results>
